SF:/Users/tamada/products/lis/cli/args.rs
FN:70,_RNvNtNtCs4R7GP2eulkS_3lis4args5testss_16test_args_custom
FN:58,_RNvNtNtCs4R7GP2eulkS_3lis4args5testss_17test_args_default
FNDA:1,_RNvNtNtCs4R7GP2eulkS_3lis4args5testss_16test_args_custom
FNDA:1,_RNvNtNtCs4R7GP2eulkS_3lis4args5testss_17test_args_default
FNF:2
FNH:2
DA:58,1
DA:59,1
DA:60,1
DA:61,1
DA:62,1
DA:63,1
DA:64,1
DA:65,1
DA:66,1
DA:67,1
DA:70,1
DA:71,1
DA:72,1
DA:73,1
DA:74,1
DA:75,1
DA:76,1
DA:77,1
DA:78,1
DA:79,1
DA:80,1
DA:81,1
DA:82,1
DA:83,1
BRF:0
BRH:0
LF:24
LH:24
end_of_record
SF:/Users/tamada/products/lis/cli/display.rs
FN:77,_RNvNtCs4R7GP2eulkS_3lis7display10print_long
FN:50,_RNvNtCs4R7GP2eulkS_3lis7display13get_max_width
FN:62,_RNvNtCs4R7GP2eulkS_3lis7display13print_columns
FN:33,_RNvNtCs4R7GP2eulkS_3lis7display13style_entries
FN:27,_RNvNtCs4R7GP2eulkS_3lis7display16print_one_column
FN:89,_RNvNtCs4R7GP2eulkS_3lis7display16style_entry_name
FN:101,_RNvNtCs4R7GP2eulkS_3lis7display8get_icon
FN:20,_RNCNvNtCs4R7GP2eulkS_3lis7display11print_plain0B5_
FN:7,_RNvNtCs4R7GP2eulkS_3lis7display11print_plain
FN:197,_RNvNtNtCs4R7GP2eulkS_3lis7display5testss_13test_get_icon
FN:146,_RNvNtNtCs4R7GP2eulkS_3lis7display5testss_15test_print_long
FN:206,_RNvNtNtCs4R7GP2eulkS_3lis7display5testss_18test_get_max_width
FN:190,_RNvNtNtCs4R7GP2eulkS_3lis7display5testss_18test_print_columns
FN:167,_RNvNtNtCs4R7GP2eulkS_3lis7display5testss_18test_style_entries
FN:124,_RNvNtNtCs4R7GP2eulkS_3lis7display5testss_21test_print_one_column
FN:246,_RNvNtNtCs4R7GP2eulkS_3lis7display5testss_21test_style_entry_name
FN:44,_RNCNCNvNtCs4R7GP2eulkS_3lis7display13style_entries00B7_
FN:53,_RNCNvNtCs4R7GP2eulkS_3lis7display13get_max_width0B5_
FN:36,_RNCNvNtCs4R7GP2eulkS_3lis7display13style_entries0B5_
FN:97,_RNCNvNtCs4R7GP2eulkS_3lis7display16style_entry_name0B5_
FN:77,_RNvNtCsfBNMJVeJf1a_3lis7display10print_long
FN:7,_RNvNtCsfBNMJVeJf1a_3lis7display11print_plain
FN:50,_RNvNtCsfBNMJVeJf1a_3lis7display13get_max_width
FN:62,_RNvNtCsfBNMJVeJf1a_3lis7display13print_columns
FN:33,_RNvNtCsfBNMJVeJf1a_3lis7display13style_entries
FN:27,_RNvNtCsfBNMJVeJf1a_3lis7display16print_one_column
FN:89,_RNvNtCsfBNMJVeJf1a_3lis7display16style_entry_name
FN:101,_RNvNtCsfBNMJVeJf1a_3lis7display8get_icon
FN:44,_RNCNCNvNtCsfBNMJVeJf1a_3lis7display13style_entries00B7_
FN:20,_RNCNvNtCsfBNMJVeJf1a_3lis7display11print_plain0B5_
FN:53,_RNCNvNtCsfBNMJVeJf1a_3lis7display13get_max_width0B5_
FN:36,_RNCNvNtCsfBNMJVeJf1a_3lis7display13style_entries0B5_
FN:97,_RNCNvNtCsfBNMJVeJf1a_3lis7display16style_entry_name0B5_
FNDA:1,_RNvNtCs4R7GP2eulkS_3lis7display10print_long
FNDA:2,_RNvNtCs4R7GP2eulkS_3lis7display13get_max_width
FNDA:2,_RNvNtCs4R7GP2eulkS_3lis7display13print_columns
FNDA:1,_RNvNtCs4R7GP2eulkS_3lis7display13style_entries
FNDA:1,_RNvNtCs4R7GP2eulkS_3lis7display16print_one_column
FNDA:3,_RNvNtCs4R7GP2eulkS_3lis7display16style_entry_name
FNDA:6,_RNvNtCs4R7GP2eulkS_3lis7display8get_icon
FNDA:0,_RNCNvNtCs4R7GP2eulkS_3lis7display11print_plain0B5_
FNDA:0,_RNvNtCs4R7GP2eulkS_3lis7display11print_plain
FNDA:1,_RNvNtNtCs4R7GP2eulkS_3lis7display5testss_13test_get_icon
FNDA:1,_RNvNtNtCs4R7GP2eulkS_3lis7display5testss_15test_print_long
FNDA:1,_RNvNtNtCs4R7GP2eulkS_3lis7display5testss_18test_get_max_width
FNDA:1,_RNvNtNtCs4R7GP2eulkS_3lis7display5testss_18test_print_columns
FNDA:1,_RNvNtNtCs4R7GP2eulkS_3lis7display5testss_18test_style_entries
FNDA:1,_RNvNtNtCs4R7GP2eulkS_3lis7display5testss_21test_print_one_column
FNDA:1,_RNvNtNtCs4R7GP2eulkS_3lis7display5testss_21test_style_entry_name
FNDA:0,_RNCNCNvNtCs4R7GP2eulkS_3lis7display13style_entries00B7_
FNDA:4,_RNCNvNtCs4R7GP2eulkS_3lis7display13get_max_width0B5_
FNDA:1,_RNCNvNtCs4R7GP2eulkS_3lis7display13style_entries0B5_
FNDA:0,_RNCNvNtCs4R7GP2eulkS_3lis7display16style_entry_name0B5_
FNDA:0,_RNvNtCsfBNMJVeJf1a_3lis7display10print_long
FNDA:0,_RNvNtCsfBNMJVeJf1a_3lis7display11print_plain
FNDA:0,_RNvNtCsfBNMJVeJf1a_3lis7display13get_max_width
FNDA:0,_RNvNtCsfBNMJVeJf1a_3lis7display13print_columns
FNDA:0,_RNvNtCsfBNMJVeJf1a_3lis7display13style_entries
FNDA:0,_RNvNtCsfBNMJVeJf1a_3lis7display16print_one_column
FNDA:0,_RNvNtCsfBNMJVeJf1a_3lis7display16style_entry_name
FNDA:0,_RNvNtCsfBNMJVeJf1a_3lis7display8get_icon
FNDA:0,_RNCNCNvNtCsfBNMJVeJf1a_3lis7display13style_entries00B7_
FNDA:0,_RNCNvNtCsfBNMJVeJf1a_3lis7display11print_plain0B5_
FNDA:0,_RNCNvNtCsfBNMJVeJf1a_3lis7display13get_max_width0B5_
FNDA:0,_RNCNvNtCsfBNMJVeJf1a_3lis7display13style_entries0B5_
FNDA:0,_RNCNvNtCsfBNMJVeJf1a_3lis7display16style_entry_name0B5_
FNF:20
FNH:16
DA:7,0
DA:9,0
DA:10,0
DA:11,0
DA:12,0
DA:14,0
DA:15,0
DA:16,0
DA:17,0
DA:19,0
DA:20,0
DA:21,0
DA:22,0
DA:24,0
DA:25,0
DA:27,1
DA:28,1
DA:29,1
DA:30,1
DA:31,1
DA:33,1
DA:34,1
DA:35,1
DA:36,1
DA:37,1
DA:38,0
DA:40,1
DA:42,1
DA:43,1
DA:44,1
DA:45,1
DA:46,1
DA:47,1
DA:48,1
DA:50,2
DA:51,2
DA:52,2
DA:53,4
DA:54,4
DA:55,4
DA:56,4
DA:57,2
DA:58,2
DA:60,2
DA:62,2
DA:63,2
DA:64,2
DA:66,3
DA:67,12
DA:68,12
DA:69,12
DA:70,6
DA:71,6
DA:73,3
DA:75,2
DA:77,1
DA:78,1
DA:79,1
DA:80,1
DA:81,1
DA:82,1
DA:83,1
DA:84,1
DA:85,1
DA:86,1
DA:87,1
DA:89,3
DA:90,3
DA:91,1
DA:93,2
DA:95,3
DA:96,3
DA:97,3
DA:98,3
DA:99,3
DA:101,6
DA:102,6
DA:103,1
DA:104,5
DA:105,5
DA:106,5
DA:107,3
DA:108,2
DA:109,1
DA:110,1
DA:111,1
DA:112,1
DA:113,1
DA:115,6
DA:124,1
DA:127,1
DA:128,1
DA:129,1
DA:130,1
DA:131,1
DA:132,1
DA:133,1
DA:134,1
DA:135,1
DA:136,1
DA:137,1
DA:138,1
DA:139,1
DA:140,1
DA:142,1
DA:143,1
DA:146,1
DA:147,1
DA:148,1
DA:149,1
DA:150,1
DA:151,1
DA:152,1
DA:153,1
DA:154,1
DA:155,1
DA:156,1
DA:157,1
DA:158,1
DA:159,1
DA:160,1
DA:161,1
DA:163,1
DA:164,1
DA:167,1
DA:168,1
DA:169,1
DA:170,1
DA:171,1
DA:172,1
DA:173,1
DA:174,1
DA:175,1
DA:176,1
DA:177,1
DA:178,1
DA:179,1
DA:180,1
DA:181,1
DA:182,1
DA:184,1
DA:185,1
DA:186,1
DA:187,1
DA:190,1
DA:191,1
DA:192,1
DA:193,1
DA:194,1
DA:197,1
DA:198,1
DA:199,1
DA:200,1
DA:201,1
DA:202,1
DA:203,1
DA:206,1
DA:207,1
DA:208,1
DA:209,1
DA:210,1
DA:211,1
DA:212,1
DA:213,1
DA:214,1
DA:215,1
DA:216,1
DA:217,1
DA:218,1
DA:219,1
DA:220,1
DA:221,1
DA:222,1
DA:223,1
DA:224,1
DA:225,1
DA:226,1
DA:227,1
DA:228,1
DA:229,1
DA:230,1
DA:231,1
DA:232,1
DA:233,1
DA:238,1
DA:242,1
DA:243,1
DA:246,1
DA:247,1
DA:248,1
DA:249,1
DA:250,1
DA:251,1
DA:252,1
DA:253,1
DA:254,1
DA:255,1
DA:256,1
DA:257,1
DA:258,1
DA:259,1
DA:260,1
DA:262,1
DA:263,1
DA:265,1
DA:266,1
DA:267,1
DA:268,1
BRF:0
BRH:0
LF:213
LH:194
end_of_record
SF:/Users/tamada/products/lis/cli/main.rs
FN:24,_RNvCs4R7GP2eulkS_3lis14output_entries
FN:9,_RNvCs4R7GP2eulkS_3lis4main
FN:39,_RNvCs4R7GP2eulkS_3lis9print_csv
FN:24,_RNvCsfBNMJVeJf1a_3lis14output_entries
FN:9,_RNvCsfBNMJVeJf1a_3lis4main
FN:39,_RNvCsfBNMJVeJf1a_3lis9print_csv
FNDA:0,_RNvCs4R7GP2eulkS_3lis14output_entries
FNDA:0,_RNvCs4R7GP2eulkS_3lis4main
FNDA:0,_RNvCs4R7GP2eulkS_3lis9print_csv
FNDA:0,_RNvCsfBNMJVeJf1a_3lis14output_entries
FNDA:0,_RNvCsfBNMJVeJf1a_3lis4main
FNDA:0,_RNvCsfBNMJVeJf1a_3lis9print_csv
FNF:3
FNH:0
DA:9,0
DA:10,0
DA:11,0
DA:13,0
DA:14,0
DA:15,0
DA:16,0
DA:17,0
DA:18,0
DA:20,0
DA:21,0
DA:22,0
DA:24,0
DA:25,0
DA:27,0
DA:28,0
DA:29,0
DA:30,0
DA:31,0
DA:33,0
DA:34,0
DA:35,0
DA:37,0
DA:39,0
DA:40,0
DA:41,0
DA:42,0
DA:43,0
DA:44,0
DA:45,0
BRF:0
BRH:0
LF:30
LH:0
end_of_record
SF:/Users/tamada/products/lis/src/entry.rs
FN:88,_RNvMNtCs3cCVYV3vUAv_3lis5entryNtB2_5Entry3new
FN:125,_RNvNtCs3cCVYV3vUAv_3lis5entry12sort_entries
FN:145,_RNvNtCs3cCVYV3vUAv_3lis5entry14get_group_name
FN:138,_RNvNtCs3cCVYV3vUAv_3lis5entry14get_owner_name
FN:161,_RNvNtCs3cCVYV3vUAv_3lis5entry15get_mode_string
FN:152,_RNvNtCs3cCVYV3vUAv_3lis5entry17get_modified_time
FN:174,_RNvNtCs3cCVYV3vUAv_3lis5entry18get_file_type_char
FN:186,_RNvNtCs3cCVYV3vUAv_3lis5entry22get_permissions_string
FN:106,_RNCNvMNtCs3cCVYV3vUAv_3lis5entryNtB4_5Entry3new0B6_
FN:126,_RNCNvNtCs3cCVYV3vUAv_3lis5entry12sort_entries0B5_
FN:147,_RNCNvNtCs3cCVYV3vUAv_3lis5entry14get_group_name0B5_
FN:148,_RNCNvNtCs3cCVYV3vUAv_3lis5entry14get_group_names_0B5_
FN:140,_RNCNvNtCs3cCVYV3vUAv_3lis5entry14get_owner_name0B5_
FN:141,_RNCNvNtCs3cCVYV3vUAv_3lis5entry14get_owner_names_0B5_
FN:155,_RNCNvNtCs3cCVYV3vUAv_3lis5entry17get_modified_time0B5_
FN:126,_RNCNvNtCsd1HlZAbUzJ5_3lis5entry12sort_entries0B5_
FN:125,_RNvNtCsd1HlZAbUzJ5_3lis5entry12sort_entries
FN:174,_RNvNtCsd1HlZAbUzJ5_3lis5entry18get_file_type_char
FN:205,_RNvNtNtCsd1HlZAbUzJ5_3lis5entry5tests17create_test_entry
FN:255,_RNvNtNtCsd1HlZAbUzJ5_3lis5entry5testss_23test_get_file_type_char
FN:222,_RNvNtNtCsd1HlZAbUzJ5_3lis5entry5testss_25test_sort_entries_by_name
FN:241,_RNvNtNtCsd1HlZAbUzJ5_3lis5entry5testss_25test_sort_entries_by_size
FN:106,_RNCNvMNtCsd1HlZAbUzJ5_3lis5entryNtB4_5Entry3new0B6_
FN:147,_RNCNvNtCsd1HlZAbUzJ5_3lis5entry14get_group_name0B5_
FN:148,_RNCNvNtCsd1HlZAbUzJ5_3lis5entry14get_group_names_0B5_
FN:140,_RNCNvNtCsd1HlZAbUzJ5_3lis5entry14get_owner_name0B5_
FN:141,_RNCNvNtCsd1HlZAbUzJ5_3lis5entry14get_owner_names_0B5_
FN:155,_RNCNvNtCsd1HlZAbUzJ5_3lis5entry17get_modified_time0B5_
FN:88,_RNvMNtCsd1HlZAbUzJ5_3lis5entryNtB2_5Entry3new
FN:145,_RNvNtCsd1HlZAbUzJ5_3lis5entry14get_group_name
FN:138,_RNvNtCsd1HlZAbUzJ5_3lis5entry14get_owner_name
FN:161,_RNvNtCsd1HlZAbUzJ5_3lis5entry15get_mode_string
FN:152,_RNvNtCsd1HlZAbUzJ5_3lis5entry17get_modified_time
FN:186,_RNvNtCsd1HlZAbUzJ5_3lis5entry22get_permissions_string
FNDA:49,_RNvMNtCs3cCVYV3vUAv_3lis5entryNtB2_5Entry3new
FNDA:1,_RNvNtCs3cCVYV3vUAv_3lis5entry12sort_entries
FNDA:49,_RNvNtCs3cCVYV3vUAv_3lis5entry14get_group_name
FNDA:49,_RNvNtCs3cCVYV3vUAv_3lis5entry14get_owner_name
FNDA:49,_RNvNtCs3cCVYV3vUAv_3lis5entry15get_mode_string
FNDA:49,_RNvNtCs3cCVYV3vUAv_3lis5entry17get_modified_time
FNDA:49,_RNvNtCs3cCVYV3vUAv_3lis5entry18get_file_type_char
FNDA:49,_RNvNtCs3cCVYV3vUAv_3lis5entry22get_permissions_string
FNDA:28,_RNCNvMNtCs3cCVYV3vUAv_3lis5entryNtB4_5Entry3new0B6_
FNDA:2,_RNCNvNtCs3cCVYV3vUAv_3lis5entry12sort_entries0B5_
FNDA:49,_RNCNvNtCs3cCVYV3vUAv_3lis5entry14get_group_name0B5_
FNDA:0,_RNCNvNtCs3cCVYV3vUAv_3lis5entry14get_group_names_0B5_
FNDA:49,_RNCNvNtCs3cCVYV3vUAv_3lis5entry14get_owner_name0B5_
FNDA:0,_RNCNvNtCs3cCVYV3vUAv_3lis5entry14get_owner_names_0B5_
FNDA:0,_RNCNvNtCs3cCVYV3vUAv_3lis5entry17get_modified_time0B5_
FNDA:7,_RNCNvNtCsd1HlZAbUzJ5_3lis5entry12sort_entries0B5_
FNDA:3,_RNvNtCsd1HlZAbUzJ5_3lis5entry12sort_entries
FNDA:3,_RNvNtCsd1HlZAbUzJ5_3lis5entry18get_file_type_char
FNDA:6,_RNvNtNtCsd1HlZAbUzJ5_3lis5entry5tests17create_test_entry
FNDA:1,_RNvNtNtCsd1HlZAbUzJ5_3lis5entry5testss_23test_get_file_type_char
FNDA:1,_RNvNtNtCsd1HlZAbUzJ5_3lis5entry5testss_25test_sort_entries_by_name
FNDA:1,_RNvNtNtCsd1HlZAbUzJ5_3lis5entry5testss_25test_sort_entries_by_size
FNDA:0,_RNCNvMNtCsd1HlZAbUzJ5_3lis5entryNtB4_5Entry3new0B6_
FNDA:0,_RNCNvNtCsd1HlZAbUzJ5_3lis5entry14get_group_name0B5_
FNDA:0,_RNCNvNtCsd1HlZAbUzJ5_3lis5entry14get_group_names_0B5_
FNDA:0,_RNCNvNtCsd1HlZAbUzJ5_3lis5entry14get_owner_name0B5_
FNDA:0,_RNCNvNtCsd1HlZAbUzJ5_3lis5entry14get_owner_names_0B5_
FNDA:0,_RNCNvNtCsd1HlZAbUzJ5_3lis5entry17get_modified_time0B5_
FNDA:0,_RNvMNtCsd1HlZAbUzJ5_3lis5entryNtB2_5Entry3new
FNDA:0,_RNvNtCsd1HlZAbUzJ5_3lis5entry14get_group_name
FNDA:0,_RNvNtCsd1HlZAbUzJ5_3lis5entry14get_owner_name
FNDA:0,_RNvNtCsd1HlZAbUzJ5_3lis5entry15get_mode_string
FNDA:0,_RNvNtCsd1HlZAbUzJ5_3lis5entry17get_modified_time
FNDA:0,_RNvNtCsd1HlZAbUzJ5_3lis5entry22get_permissions_string
FNF:19
FNH:16
DA:88,49
DA:89,49
DA:90,49
DA:91,49
DA:94,49
DA:95,49
DA:96,49
DA:97,49
DA:98,49
DA:99,49
DA:100,49
DA:101,49
DA:102,49
DA:103,49
DA:104,49
DA:105,49
DA:106,49
DA:107,49
DA:108,49
DA:110,49
DA:125,4
DA:126,9
DA:127,9
DA:128,5
DA:129,0
DA:130,2
DA:131,2
DA:133,9
DA:134,9
DA:135,4
DA:138,49
DA:139,49
DA:140,49
DA:141,49
DA:142,49
DA:145,49
DA:146,49
DA:147,49
DA:148,49
DA:149,49
DA:152,49
DA:153,49
DA:154,49
DA:155,49
DA:156,49
DA:157,49
DA:158,49
DA:161,49
DA:162,49
DA:163,49
DA:166,49
DA:167,49
DA:168,49
DA:169,49
DA:170,49
DA:171,49
DA:174,52
DA:175,52
DA:176,16
DA:177,36
DA:178,2
DA:180,34
DA:182,52
DA:186,49
DA:187,49
DA:188,49
DA:189,49
DA:190,49
DA:191,49
DA:192,49
DA:193,49
DA:194,49
DA:195,49
DA:196,49
DA:197,49
DA:198,49
DA:205,6
DA:206,6
DA:207,6
DA:208,6
DA:209,6
DA:210,6
DA:211,6
DA:212,6
DA:213,6
DA:214,6
DA:215,6
DA:216,6
DA:217,6
DA:218,6
DA:219,6
DA:222,1
DA:223,1
DA:224,1
DA:225,1
DA:226,1
DA:229,1
DA:230,1
DA:231,1
DA:232,1
DA:234,1
DA:235,1
DA:236,1
DA:237,1
DA:238,1
DA:241,1
DA:242,1
DA:243,1
DA:244,1
DA:245,1
DA:248,1
DA:249,1
DA:250,1
DA:251,1
DA:252,1
DA:255,1
DA:256,1
DA:257,1
DA:258,1
DA:259,1
BRF:0
BRH:0
LF:127
LH:122
end_of_record
SF:/Users/tamada/products/lis/src/git.rs
FN:47,_RNvNtCs3cCVYV3vUAv_3lis3git15get_status_char
FN:23,_RNvNtCs3cCVYV3vUAv_3lis3git16get_git_statuses
FN:30,_RNCNvNtCs3cCVYV3vUAv_3lis3git16get_git_statuses0B5_
FN:68,_RNvNtNtCsd1HlZAbUzJ5_3lis3git5testss_20test_get_status_char
FN:47,_RNvNtCsd1HlZAbUzJ5_3lis3git15get_status_char
FN:30,_RNCNvNtCsd1HlZAbUzJ5_3lis3git16get_git_statuses0B5_
FN:23,_RNvNtCsd1HlZAbUzJ5_3lis3git16get_git_statuses
FNDA:5,_RNvNtCs3cCVYV3vUAv_3lis3git15get_status_char
FNDA:10,_RNvNtCs3cCVYV3vUAv_3lis3git16get_git_statuses
FNDA:0,_RNCNvNtCs3cCVYV3vUAv_3lis3git16get_git_statuses0B5_
FNDA:1,_RNvNtNtCsd1HlZAbUzJ5_3lis3git5testss_20test_get_status_char
FNDA:11,_RNvNtCsd1HlZAbUzJ5_3lis3git15get_status_char
FNDA:0,_RNCNvNtCsd1HlZAbUzJ5_3lis3git16get_git_statuses0B5_
FNDA:0,_RNvNtCsd1HlZAbUzJ5_3lis3git16get_git_statuses
FNF:4
FNH:3
DA:23,10
DA:24,10
DA:25,10
DA:26,3
DA:27,3
DA:28,3
DA:30,3
DA:31,5
DA:32,5
DA:33,5
DA:34,5
DA:35,5
DA:36,5
DA:38,0
DA:39,7
DA:40,10
DA:41,10
DA:47,16
DA:48,16
DA:49,7
DA:50,9
DA:51,2
DA:52,7
DA:53,2
DA:54,5
DA:55,2
DA:56,3
DA:57,2
DA:59,1
DA:61,16
DA:68,1
DA:70,1
DA:71,1
DA:72,1
DA:73,1
DA:74,1
DA:75,1
DA:76,1
DA:77,1
DA:78,1
DA:79,1
DA:80,1
DA:81,1
BRF:0
BRH:0
LF:44
LH:42
end_of_record
SF:/Users/tamada/products/lis/src/lib.rs
FN:144,_RINvMCs3cCVYV3vUAv_3lisNtB3_10LisBuilder5buildRNtNtCsg55jX0GwzBC_3std4path4PathECsbhBdmI9f75K_16integration_test
FN:212,_RNCNvMs_Cs3cCVYV3vUAv_3lisNtB6_3Lis17process_dir_entry0B6_
FN:216,_RNCNvMs_Cs3cCVYV3vUAv_3lisNtB6_3Lis17process_dir_entrys_0B6_
FN:116,_RNvMCs3cCVYV3vUAv_3lisNtB2_10LisBuilder3all
FN:85,_RNvMCs3cCVYV3vUAv_3lisNtB2_10LisBuilder3new
FN:102,_RNvMCs3cCVYV3vUAv_3lisNtB2_10LisBuilder9recursive
FN:130,_RNvMCs3cCVYV3vUAv_3lisNtB2_10LisBuilder9whole_all
FN:195,_RNvMs_Cs3cCVYV3vUAv_3lisNtB4_3Lis13create_walker
FN:222,_RNvMs_Cs3cCVYV3vUAv_3lisNtB4_3Lis16get_display_name
FN:204,_RNvMs_Cs3cCVYV3vUAv_3lisNtB4_3Lis17process_dir_entry
FN:181,_RNvMs_Cs3cCVYV3vUAv_3lisNtB4_3Lis4list
FN:249,_RNvNtCsd1HlZAbUzJ5_3lis5testss_12test_lis_new
FN:259,_RNvNtCsd1HlZAbUzJ5_3lis5testss_16test_lis_builder
FN:116,_RNvMCsd1HlZAbUzJ5_3lisNtB2_10LisBuilder3all
FN:85,_RNvMCsd1HlZAbUzJ5_3lisNtB2_10LisBuilder3new
FN:102,_RNvMCsd1HlZAbUzJ5_3lisNtB2_10LisBuilder9recursive
FN:130,_RNvMCsd1HlZAbUzJ5_3lisNtB2_10LisBuilder9whole_all
FN:144,_RINvMCsd1HlZAbUzJ5_3lisNtB3_10LisBuilder5buildNtNtCsg55jX0GwzBC_3std4path7PathBufEB3_
FN:144,_RINvMCsd1HlZAbUzJ5_3lisNtB3_10LisBuilder5buildReEB3_
FN:164,_RINvMs_Csd1HlZAbUzJ5_3lisNtB5_3Lis3newNtNtCsg55jX0GwzBC_3std4path7PathBufEB5_
FN:212,_RNCNvMs_Csd1HlZAbUzJ5_3lisNtB6_3Lis17process_dir_entry0B6_
FN:216,_RNCNvMs_Csd1HlZAbUzJ5_3lisNtB6_3Lis17process_dir_entrys_0B6_
FN:195,_RNvMs_Csd1HlZAbUzJ5_3lisNtB4_3Lis13create_walker
FN:222,_RNvMs_Csd1HlZAbUzJ5_3lisNtB4_3Lis16get_display_name
FN:204,_RNvMs_Csd1HlZAbUzJ5_3lisNtB4_3Lis17process_dir_entry
FN:181,_RNvMs_Csd1HlZAbUzJ5_3lisNtB4_3Lis4list
FN:144,_RINvMCs3cCVYV3vUAv_3lisNtB3_10LisBuilder5buildNtNtCsg55jX0GwzBC_3std4path7PathBufECsfBNMJVeJf1a_3lis
FNDA:10,_RINvMCs3cCVYV3vUAv_3lisNtB3_10LisBuilder5buildRNtNtCsg55jX0GwzBC_3std4path4PathECsbhBdmI9f75K_16integration_test
FNDA:0,_RNCNvMs_Cs3cCVYV3vUAv_3lisNtB6_3Lis17process_dir_entry0B6_
FNDA:45,_RNCNvMs_Cs3cCVYV3vUAv_3lisNtB6_3Lis17process_dir_entrys_0B6_
FNDA:1,_RNvMCs3cCVYV3vUAv_3lisNtB2_10LisBuilder3all
FNDA:10,_RNvMCs3cCVYV3vUAv_3lisNtB2_10LisBuilder3new
FNDA:3,_RNvMCs3cCVYV3vUAv_3lisNtB2_10LisBuilder9recursive
FNDA:1,_RNvMCs3cCVYV3vUAv_3lisNtB2_10LisBuilder9whole_all
FNDA:10,_RNvMs_Cs3cCVYV3vUAv_3lisNtB4_3Lis13create_walker
FNDA:56,_RNvMs_Cs3cCVYV3vUAv_3lisNtB4_3Lis16get_display_name
FNDA:56,_RNvMs_Cs3cCVYV3vUAv_3lisNtB4_3Lis17process_dir_entry
FNDA:10,_RNvMs_Cs3cCVYV3vUAv_3lisNtB4_3Lis4list
FNDA:1,_RNvNtCsd1HlZAbUzJ5_3lis5testss_12test_lis_new
FNDA:1,_RNvNtCsd1HlZAbUzJ5_3lis5testss_16test_lis_builder
FNDA:1,_RNvMCsd1HlZAbUzJ5_3lisNtB2_10LisBuilder3all
FNDA:2,_RNvMCsd1HlZAbUzJ5_3lisNtB2_10LisBuilder3new
FNDA:1,_RNvMCsd1HlZAbUzJ5_3lisNtB2_10LisBuilder9recursive
FNDA:1,_RNvMCsd1HlZAbUzJ5_3lisNtB2_10LisBuilder9whole_all
FNDA:1,_RINvMCsd1HlZAbUzJ5_3lisNtB3_10LisBuilder5buildNtNtCsg55jX0GwzBC_3std4path7PathBufEB3_
FNDA:1,_RINvMCsd1HlZAbUzJ5_3lisNtB3_10LisBuilder5buildReEB3_
FNDA:1,_RINvMs_Csd1HlZAbUzJ5_3lisNtB5_3Lis3newNtNtCsg55jX0GwzBC_3std4path7PathBufEB5_
FNDA:0,_RNCNvMs_Csd1HlZAbUzJ5_3lisNtB6_3Lis17process_dir_entry0B6_
FNDA:0,_RNCNvMs_Csd1HlZAbUzJ5_3lisNtB6_3Lis17process_dir_entrys_0B6_
FNDA:0,_RNvMs_Csd1HlZAbUzJ5_3lisNtB4_3Lis13create_walker
FNDA:0,_RNvMs_Csd1HlZAbUzJ5_3lisNtB4_3Lis16get_display_name
FNDA:0,_RNvMs_Csd1HlZAbUzJ5_3lisNtB4_3Lis17process_dir_entry
FNDA:0,_RNvMs_Csd1HlZAbUzJ5_3lisNtB4_3Lis4list
FNDA:0,_RINvMCs3cCVYV3vUAv_3lisNtB3_10LisBuilder5buildNtNtCsg55jX0GwzBC_3std4path7PathBufECsfBNMJVeJf1a_3lis
FNF:14
FNH:13
DA:85,12
DA:86,12
DA:87,12
DA:88,12
DA:89,12
DA:90,12
DA:91,12
DA:102,4
DA:103,4
DA:104,4
DA:105,4
DA:116,2
DA:117,2
DA:118,2
DA:119,2
DA:130,2
DA:131,2
DA:132,2
DA:133,2
DA:144,12
DA:145,12
DA:146,12
DA:147,12
DA:148,12
DA:149,12
DA:150,12
DA:151,12
DA:164,1
DA:165,1
DA:166,1
DA:181,10
DA:182,10
DA:183,10
DA:184,10
DA:186,56
DA:187,56
DA:188,49
DA:189,49
DA:191,10
DA:192,10
DA:195,10
DA:196,10
DA:197,10
DA:198,10
DA:199,10
DA:200,10
DA:201,10
DA:204,56
DA:205,56
DA:206,56
DA:207,56
DA:208,56
DA:209,56
DA:210,56
DA:212,49
DA:213,49
DA:214,49
DA:215,49
DA:216,49
DA:218,49
DA:219,56
DA:222,56
DA:223,56
DA:224,36
DA:225,36
DA:226,36
DA:227,36
DA:228,3
DA:230,33
DA:233,0
DA:236,20
DA:237,7
DA:238,13
DA:239,13
DA:241,56
DA:249,1
DA:250,1
DA:251,1
DA:252,1
DA:253,1
DA:254,1
DA:255,1
DA:256,1
DA:259,1
DA:260,1
DA:261,1
DA:262,1
DA:263,1
DA:264,1
DA:265,1
DA:266,1
DA:267,1
DA:268,1
BRF:0
BRH:0
LF:95
LH:93
end_of_record